{"D:\\task\\server\\server.js": {"path":"D:\\task\\server\\server.js","statementMap":{"0":{"start":{"line":2,"column":16},"end":{"line":2,"column":34}},"1":{"start":{"line":3,"column":17},"end":{"line":3,"column":36}},"2":{"start":{"line":4,"column":13},"end":{"line":4,"column":28}},"3":{"start":{"line":5,"column":19},"end":{"line":5,"column":52}},"4":{"start":{"line":6,"column":19},"end":{"line":6,"column":52}},"5":{"start":{"line":8,"column":12},"end":{"line":8,"column":21}},"6":{"start":{"line":10,"column":0},"end":{"line":10,"column":16}},"7":{"start":{"line":11,"column":0},"end":{"line":11,"column":24}},"8":{"start":{"line":14,"column":0},"end":{"line":21,"column":1}},"9":{"start":{"line":16,"column":7},"end":{"line":18,"column":11}},"10":{"start":{"line":19,"column":8},"end":{"line":19,"column":44}},"11":{"start":{"line":26,"column":0},"end":{"line":26,"column":34}},"12":{"start":{"line":27,"column":0},"end":{"line":27,"column":33}},"13":{"start":{"line":29,"column":13},"end":{"line":29,"column":17}},"14":{"start":{"line":31,"column":0},"end":{"line":36,"column":1}},"15":{"start":{"line":32,"column":0},"end":{"line":34,"column":3}},"16":{"start":{"line":33,"column":4},"end":{"line":33,"column":50}},"17":{"start":{"line":38,"column":0},"end":{"line":38,"column":20}}},"fnMap":{"0":{"name":"(anonymous_0)","decl":{"start":{"line":32,"column":17},"end":{"line":32,"column":18}},"loc":{"start":{"line":32,"column":23},"end":{"line":34,"column":1}},"line":32}},"branchMap":{"0":{"loc":{"start":{"line":14,"column":0},"end":{"line":21,"column":1}},"type":"if","locations":[{"start":{"line":14,"column":0},"end":{"line":21,"column":1}},{"start":{},"end":{}}],"line":14},"1":{"loc":{"start":{"line":31,"column":0},"end":{"line":36,"column":1}},"type":"if","locations":[{"start":{"line":31,"column":0},"end":{"line":36,"column":1}},{"start":{},"end":{}}],"line":31}},"s":{"0":2,"1":2,"2":2,"3":2,"4":2,"5":2,"6":2,"7":2,"8":2,"9":0,"10":0,"11":2,"12":2,"13":2,"14":2,"15":0,"16":0,"17":2},"f":{"0":0},"b":{"0":[0,2],"1":[0,2]},"_coverageSchema":"1a1c01bbd47fc00a2c39e90264f33305004495a9","hash":"39f64c68f697412043c1bdeceb2e122dae8c9171"}
,"D:\\task\\server\\controllers\\taskControllers.js": {"path":"D:\\task\\server\\controllers\\taskControllers.js","statementMap":{"0":{"start":{"line":1,"column":13},"end":{"line":1,"column":47}},"1":{"start":{"line":2,"column":13},"end":{"line":2,"column":41}},"2":{"start":{"line":3,"column":0},"end":{"line":11,"column":2}},"3":{"start":{"line":4,"column":4},"end":{"line":10,"column":5}},"4":{"start":{"line":5,"column":22},"end":{"line":5,"column":41}},"5":{"start":{"line":6,"column":8},"end":{"line":6,"column":24}},"6":{"start":{"line":9,"column":8},"end":{"line":9,"column":82}},"7":{"start":{"line":13,"column":0},"end":{"line":47,"column":2}},"8":{"start":{"line":14,"column":4},"end":{"line":46,"column":5}},"9":{"start":{"line":15,"column":31},"end":{"line":39,"column":10}},"10":{"start":{"line":41,"column":8},"end":{"line":41,"column":33}},"11":{"start":{"line":42,"column":8},"end":{"line":42,"column":51}},"12":{"start":{"line":45,"column":8},"end":{"line":45,"column":104}},"13":{"start":{"line":50,"column":0},"end":{"line":72,"column":1}},"14":{"start":{"line":52,"column":4},"end":{"line":71,"column":5}},"15":{"start":{"line":53,"column":22},"end":{"line":53,"column":41}},"16":{"start":{"line":55,"column":29},"end":{"line":59,"column":9}},"17":{"start":{"line":61,"column":8},"end":{"line":65,"column":11}},"18":{"start":{"line":62,"column":12},"end":{"line":64,"column":13}},"19":{"start":{"line":63,"column":16},"end":{"line":63,"column":45}},"20":{"start":{"line":67,"column":8},"end":{"line":67,"column":31}},"21":{"start":{"line":70,"column":8},"end":{"line":70,"column":86}},"22":{"start":{"line":77,"column":0},"end":{"line":88,"column":2}},"23":{"start":{"line":78,"column":4},"end":{"line":87,"column":5}},"24":{"start":{"line":79,"column":23},"end":{"line":79,"column":33}},"25":{"start":{"line":80,"column":25},"end":{"line":80,"column":48}},"26":{"start":{"line":81,"column":8},"end":{"line":83,"column":9}},"27":{"start":{"line":82,"column":12},"end":{"line":82,"column":71}},"28":{"start":{"line":84,"column":8},"end":{"line":84,"column":39}},"29":{"start":{"line":86,"column":8},"end":{"line":86,"column":72}},"30":{"start":{"line":94,"column":0},"end":{"line":105,"column":1}},"31":{"start":{"line":95,"column":4},"end":{"line":104,"column":5}},"32":{"start":{"line":96,"column":8},"end":{"line":96,"column":29}},"33":{"start":{"line":97,"column":24},"end":{"line":97,"column":51}},"34":{"start":{"line":99,"column":8},"end":{"line":99,"column":48}},"35":{"start":{"line":100,"column":8},"end":{"line":100,"column":97}},"36":{"start":{"line":101,"column":8},"end":{"line":101,"column":37}},"37":{"start":{"line":103,"column":8},"end":{"line":103,"column":53}},"38":{"start":{"line":107,"column":0},"end":{"line":138,"column":1}},"39":{"start":{"line":108,"column":19},"end":{"line":108,"column":32}},"40":{"start":{"line":109,"column":4},"end":{"line":109,"column":23}},"41":{"start":{"line":111,"column":4},"end":{"line":137,"column":5}},"42":{"start":{"line":113,"column":22},"end":{"line":113,"column":49}},"43":{"start":{"line":114,"column":8},"end":{"line":114,"column":40}},"44":{"start":{"line":116,"column":8},"end":{"line":118,"column":9}},"45":{"start":{"line":117,"column":12},"end":{"line":117,"column":71}},"46":{"start":{"line":121,"column":23},"end":{"line":121,"column":33}},"47":{"start":{"line":124,"column":8},"end":{"line":124,"column":45}},"48":{"start":{"line":127,"column":8},"end":{"line":131,"column":10}},"49":{"start":{"line":133,"column":8},"end":{"line":133,"column":71}},"50":{"start":{"line":136,"column":8},"end":{"line":136,"column":67}},"51":{"start":{"line":142,"column":0},"end":{"line":164,"column":1}},"52":{"start":{"line":143,"column":19},"end":{"line":143,"column":32}},"53":{"start":{"line":144,"column":25},"end":{"line":144,"column":33}},"54":{"start":{"line":146,"column":4},"end":{"line":163,"column":5}},"55":{"start":{"line":148,"column":26},"end":{"line":152,"column":7}},"56":{"start":{"line":154,"column":6},"end":{"line":156,"column":7}},"57":{"start":{"line":155,"column":8},"end":{"line":155,"column":67}},"58":{"start":{"line":159,"column":6},"end":{"line":159,"column":40}},"59":{"start":{"line":162,"column":6},"end":{"line":162,"column":56}}},"fnMap":{"0":{"name":"(anonymous_0)","decl":{"start":{"line":3,"column":21},"end":{"line":3,"column":22}},"loc":{"start":{"line":3,"column":41},"end":{"line":11,"column":1}},"line":3},"1":{"name":"(anonymous_1)","decl":{"start":{"line":13,"column":32},"end":{"line":13,"column":33}},"loc":{"start":{"line":13,"column":52},"end":{"line":47,"column":1}},"line":13},"2":{"name":"(anonymous_2)","decl":{"start":{"line":50,"column":24},"end":{"line":50,"column":25}},"loc":{"start":{"line":50,"column":41},"end":{"line":72,"column":1}},"line":50},"3":{"name":"(anonymous_3)","decl":{"start":{"line":61,"column":22},"end":{"line":61,"column":23}},"loc":{"start":{"line":61,"column":31},"end":{"line":65,"column":9}},"line":61},"4":{"name":"(anonymous_4)","decl":{"start":{"line":77,"column":22},"end":{"line":77,"column":23}},"loc":{"start":{"line":77,"column":42},"end":{"line":88,"column":1}},"line":77},"5":{"name":"(anonymous_5)","decl":{"start":{"line":94,"column":21},"end":{"line":94,"column":22}},"loc":{"start":{"line":94,"column":37},"end":{"line":105,"column":1}},"line":94},"6":{"name":"(anonymous_6)","decl":{"start":{"line":107,"column":22},"end":{"line":107,"column":23}},"loc":{"start":{"line":107,"column":42},"end":{"line":138,"column":1}},"line":107},"7":{"name":"(anonymous_7)","decl":{"start":{"line":142,"column":22},"end":{"line":142,"column":23}},"loc":{"start":{"line":142,"column":42},"end":{"line":164,"column":1}},"line":142}},"branchMap":{"0":{"loc":{"start":{"line":62,"column":12},"end":{"line":64,"column":13}},"type":"if","locations":[{"start":{"line":62,"column":12},"end":{"line":64,"column":13}},{"start":{},"end":{}}],"line":62},"1":{"loc":{"start":{"line":81,"column":8},"end":{"line":83,"column":9}},"type":"if","locations":[{"start":{"line":81,"column":8},"end":{"line":83,"column":9}},{"start":{},"end":{}}],"line":81},"2":{"loc":{"start":{"line":116,"column":8},"end":{"line":118,"column":9}},"type":"if","locations":[{"start":{"line":116,"column":8},"end":{"line":118,"column":9}},{"start":{},"end":{}}],"line":116},"3":{"loc":{"start":{"line":154,"column":6},"end":{"line":156,"column":7}},"type":"if","locations":[{"start":{"line":154,"column":6},"end":{"line":156,"column":7}},{"start":{},"end":{}}],"line":154}},"s":{"0":2,"1":2,"2":2,"3":1,"4":1,"5":1,"6":0,"7":2,"8":2,"9":2,"10":1,"11":1,"12":1,"13":2,"14":2,"15":2,"16":1,"17":1,"18":2,"19":2,"20":1,"21":1,"22":2,"23":3,"24":3,"25":3,"26":2,"27":1,"28":1,"29":1,"30":2,"31":2,"32":2,"33":2,"34":1,"35":1,"36":1,"37":1,"38":2,"39":3,"40":3,"41":3,"42":3,"43":2,"44":2,"45":1,"46":1,"47":1,"48":1,"49":1,"50":1,"51":2,"52":4,"53":4,"54":4,"55":4,"56":3,"57":1,"58":2,"59":1},"f":{"0":1,"1":2,"2":2,"3":2,"4":3,"5":2,"6":3,"7":4},"b":{"0":[2,0],"1":[1,1],"2":[1,1],"3":[1,2]},"_coverageSchema":"1a1c01bbd47fc00a2c39e90264f33305004495a9","hash":"1adbe11608dd365b95d3a1d7738f41ea3b277593"}
,"D:\\task\\server\\controllers\\userControllers.js": {"path":"D:\\task\\server\\controllers\\userControllers.js","statementMap":{"0":{"start":{"line":1,"column":13},"end":{"line":1,"column":41}},"1":{"start":{"line":2,"column":13},"end":{"line":2,"column":47}},"2":{"start":{"line":4,"column":0},"end":{"line":13,"column":1}},"3":{"start":{"line":5,"column":4},"end":{"line":5,"column":38}},"4":{"start":{"line":6,"column":4},"end":{"line":12,"column":5}},"5":{"start":{"line":7,"column":22},"end":{"line":7,"column":41}},"6":{"start":{"line":8,"column":8},"end":{"line":8,"column":23}},"7":{"start":{"line":11,"column":8},"end":{"line":11,"column":58}},"8":{"start":{"line":15,"column":0},"end":{"line":32,"column":2}},"9":{"start":{"line":16,"column":4},"end":{"line":31,"column":5}},"10":{"start":{"line":17,"column":22},"end":{"line":26,"column":10}},"11":{"start":{"line":27,"column":8},"end":{"line":27,"column":24}},"12":{"start":{"line":28,"column":8},"end":{"line":28,"column":42}},"13":{"start":{"line":30,"column":8},"end":{"line":30,"column":60}},"14":{"start":{"line":34,"column":0},"end":{"line":47,"column":2}},"15":{"start":{"line":35,"column":4},"end":{"line":46,"column":5}},"16":{"start":{"line":36,"column":23},"end":{"line":36,"column":33}},"17":{"start":{"line":37,"column":28},"end":{"line":37,"column":51}},"18":{"start":{"line":39,"column":8},"end":{"line":41,"column":9}},"19":{"start":{"line":40,"column":12},"end":{"line":40,"column":71}},"20":{"start":{"line":43,"column":8},"end":{"line":43,"column":30}},"21":{"start":{"line":45,"column":8},"end":{"line":45,"column":72}},"22":{"start":{"line":49,"column":0},"end":{"line":78,"column":2}},"23":{"start":{"line":50,"column":4},"end":{"line":77,"column":5}},"24":{"start":{"line":51,"column":22},"end":{"line":64,"column":10}},"25":{"start":{"line":67,"column":23},"end":{"line":67,"column":25}},"26":{"start":{"line":68,"column":8},"end":{"line":72,"column":9}},"27":{"start":{"line":69,"column":12},"end":{"line":71,"column":15}},"28":{"start":{"line":70,"column":16},"end":{"line":70,"column":47}},"29":{"start":{"line":74,"column":8},"end":{"line":74,"column":25}},"30":{"start":{"line":76,"column":8},"end":{"line":76,"column":60}},"31":{"start":{"line":81,"column":0},"end":{"line":89,"column":1}},"32":{"start":{"line":82,"column":4},"end":{"line":88,"column":5}},"33":{"start":{"line":83,"column":22},"end":{"line":83,"column":56}},"34":{"start":{"line":84,"column":8},"end":{"line":84,"column":23}},"35":{"start":{"line":87,"column":8},"end":{"line":87,"column":67}}},"fnMap":{"0":{"name":"(anonymous_0)","decl":{"start":{"line":4,"column":21},"end":{"line":4,"column":22}},"loc":{"start":{"line":4,"column":41},"end":{"line":13,"column":1}},"line":4},"1":{"name":"(anonymous_1)","decl":{"start":{"line":15,"column":31},"end":{"line":15,"column":32}},"loc":{"start":{"line":15,"column":51},"end":{"line":32,"column":1}},"line":15},"2":{"name":"(anonymous_2)","decl":{"start":{"line":34,"column":22},"end":{"line":34,"column":23}},"loc":{"start":{"line":34,"column":42},"end":{"line":47,"column":1}},"line":34},"3":{"name":"(anonymous_3)","decl":{"start":{"line":49,"column":32},"end":{"line":49,"column":33}},"loc":{"start":{"line":49,"column":52},"end":{"line":78,"column":1}},"line":49},"4":{"name":"(anonymous_4)","decl":{"start":{"line":69,"column":35},"end":{"line":69,"column":36}},"loc":{"start":{"line":69,"column":43},"end":{"line":71,"column":13}},"line":69},"5":{"name":"(anonymous_5)","decl":{"start":{"line":81,"column":28},"end":{"line":81,"column":29}},"loc":{"start":{"line":81,"column":48},"end":{"line":89,"column":1}},"line":81}},"branchMap":{"0":{"loc":{"start":{"line":39,"column":8},"end":{"line":41,"column":9}},"type":"if","locations":[{"start":{"line":39,"column":8},"end":{"line":41,"column":9}},{"start":{},"end":{}}],"line":39},"1":{"loc":{"start":{"line":68,"column":8},"end":{"line":72,"column":9}},"type":"if","locations":[{"start":{"line":68,"column":8},"end":{"line":72,"column":9}},{"start":{},"end":{}}],"line":68}},"s":{"0":2,"1":2,"2":2,"3":3,"4":3,"5":3,"6":2,"7":1,"8":2,"9":2,"10":2,"11":1,"12":1,"13":1,"14":2,"15":3,"16":3,"17":3,"18":2,"19":1,"20":1,"21":1,"22":2,"23":3,"24":3,"25":2,"26":2,"27":1,"28":2,"29":2,"30":1,"31":2,"32":0,"33":0,"34":0,"35":0},"f":{"0":3,"1":2,"2":3,"3":3,"4":2,"5":0},"b":{"0":[1,1],"1":[1,1]},"_coverageSchema":"1a1c01bbd47fc00a2c39e90264f33305004495a9","hash":"d5efef9fb2f2bb05a783a7c488afac54c655cabf"}
,"D:\\task\\server\\modals\\task.model.js": {"path":"D:\\task\\server\\modals\\task.model.js","statementMap":{"0":{"start":{"line":1,"column":17},"end":{"line":1,"column":36}},"1":{"start":{"line":3,"column":19},"end":{"line":9,"column":2}},"2":{"start":{"line":11,"column":13},"end":{"line":11,"column":47}},"3":{"start":{"line":12,"column":0},"end":{"line":12,"column":22}}},"fnMap":{},"branchMap":{},"s":{"0":2,"1":2,"2":2,"3":2},"f":{},"b":{},"_coverageSchema":"1a1c01bbd47fc00a2c39e90264f33305004495a9","hash":"810124b53a570669745beb471db72405dc0a417c"}
,"D:\\task\\server\\modals\\user.js": {"path":"D:\\task\\server\\modals\\user.js","statementMap":{"0":{"start":{"line":1,"column":17},"end":{"line":1,"column":36}},"1":{"start":{"line":3,"column":19},"end":{"line":11,"column":2}},"2":{"start":{"line":13,"column":13},"end":{"line":13,"column":47}},"3":{"start":{"line":14,"column":0},"end":{"line":14,"column":22}}},"fnMap":{},"branchMap":{},"s":{"0":2,"1":2,"2":2,"3":2},"f":{},"b":{},"_coverageSchema":"1a1c01bbd47fc00a2c39e90264f33305004495a9","hash":"559668fa305dfa4e30323e8d935ac1f083089765"}
,"D:\\task\\server\\routes\\taskRoutes.js": {"path":"D:\\task\\server\\routes\\taskRoutes.js","statementMap":{"0":{"start":{"line":1,"column":16},"end":{"line":1,"column":34}},"1":{"start":{"line":2,"column":23},"end":{"line":2,"column":67}},"2":{"start":{"line":3,"column":15},"end":{"line":3,"column":31}},"3":{"start":{"line":5,"column":0},"end":{"line":5,"column":43}},"4":{"start":{"line":6,"column":0},"end":{"line":6,"column":61}},"5":{"start":{"line":7,"column":0},"end":{"line":7,"column":57}},"6":{"start":{"line":8,"column":0},"end":{"line":8,"column":51}},"7":{"start":{"line":9,"column":0},"end":{"line":9,"column":50}},"8":{"start":{"line":10,"column":0},"end":{"line":10,"column":59}},"9":{"start":{"line":11,"column":0},"end":{"line":11,"column":55}},"10":{"start":{"line":12,"column":0},"end":{"line":12,"column":23}}},"fnMap":{},"branchMap":{},"s":{"0":2,"1":2,"2":2,"3":2,"4":2,"5":2,"6":2,"7":2,"8":2,"9":2,"10":2},"f":{},"b":{},"_coverageSchema":"1a1c01bbd47fc00a2c39e90264f33305004495a9","hash":"1e72a4aa481e6ac7bb8f2785f3dde44639d6846a"}
,"D:\\task\\server\\routes\\userRoutes.js": {"path":"D:\\task\\server\\routes\\userRoutes.js","statementMap":{"0":{"start":{"line":1,"column":16},"end":{"line":1,"column":34}},"1":{"start":{"line":2,"column":23},"end":{"line":2,"column":67}},"2":{"start":{"line":3,"column":15},"end":{"line":3,"column":31}},"3":{"start":{"line":5,"column":0},"end":{"line":5,"column":43}},"4":{"start":{"line":6,"column":0},"end":{"line":6,"column":56}},"5":{"start":{"line":7,"column":0},"end":{"line":7,"column":50}},"6":{"start":{"line":8,"column":0},"end":{"line":8,"column":71}},"7":{"start":{"line":9,"column":0},"end":{"line":9,"column":60}},"8":{"start":{"line":12,"column":0},"end":{"line":12,"column":23}}},"fnMap":{},"branchMap":{},"s":{"0":2,"1":2,"2":2,"3":2,"4":2,"5":2,"6":2,"7":2,"8":2},"f":{},"b":{},"_coverageSchema":"1a1c01bbd47fc00a2c39e90264f33305004495a9","hash":"cf923fd01199460c0433cbb82499323e82fb9fd7"}
}
