TN:
SF:server.js
FN:14,(anonymous_0)
FN:15,(anonymous_1)
FN:27,(anonymous_2)
FNF:3
FNH:1
FNDA:2,(anonymous_0)
FNDA:0,(anonymous_1)
FNDA:0,(anonymous_2)
DA:1,2
DA:2,2
DA:3,2
DA:4,2
DA:5,2
DA:7,2
DA:9,2
DA:10,2
DA:12,2
DA:14,2
DA:15,0
DA:19,2
DA:20,2
DA:24,2
DA:26,2
DA:27,0
DA:28,0
DA:31,2
LF:18
LH:15
BRDA:26,0,0,0
BRDA:26,0,1,2
BRF:2
BRH:1
end_of_record
TN:
SF:controllers\taskControllers.js
FN:3,(anonymous_0)
FN:13,(anonymous_1)
FN:50,(anonymous_2)
FN:61,(anonymous_3)
FN:77,(anonymous_4)
FN:94,(anonymous_5)
FN:107,(anonymous_6)
FN:142,(anonymous_7)
FNF:8
FNH:8
FNDA:1,(anonymous_0)
FNDA:2,(anonymous_1)
FNDA:2,(anonymous_2)
FNDA:2,(anonymous_3)
FNDA:3,(anonymous_4)
FNDA:2,(anonymous_5)
FNDA:3,(anonymous_6)
FNDA:4,(anonymous_7)
DA:1,2
DA:2,2
DA:3,2
DA:4,1
DA:5,1
DA:6,1
DA:9,0
DA:13,2
DA:14,2
DA:15,2
DA:41,1
DA:42,1
DA:45,1
DA:50,2
DA:52,2
DA:53,2
DA:55,1
DA:61,1
DA:62,2
DA:63,2
DA:67,1
DA:70,1
DA:77,2
DA:78,3
DA:79,3
DA:80,3
DA:81,2
DA:82,1
DA:84,1
DA:86,1
DA:94,2
DA:95,2
DA:96,2
DA:97,2
DA:99,1
DA:100,1
DA:101,1
DA:103,1
DA:107,2
DA:108,3
DA:109,3
DA:111,3
DA:113,3
DA:114,2
DA:116,2
DA:117,1
DA:121,1
DA:124,1
DA:127,1
DA:133,1
DA:136,1
DA:142,2
DA:143,4
DA:144,4
DA:146,4
DA:148,4
DA:154,3
DA:155,1
DA:159,2
DA:162,1
LF:60
LH:59
BRDA:62,0,0,2
BRDA:62,0,1,0
BRDA:81,1,0,1
BRDA:81,1,1,1
BRDA:116,2,0,1
BRDA:116,2,1,1
BRDA:154,3,0,1
BRDA:154,3,1,2
BRF:8
BRH:7
end_of_record
TN:
SF:controllers\userControllers.js
FN:4,(anonymous_0)
FN:15,(anonymous_1)
FN:34,(anonymous_2)
FN:49,(anonymous_3)
FN:69,(anonymous_4)
FN:81,(anonymous_5)
FNF:6
FNH:5
FNDA:3,(anonymous_0)
FNDA:1,(anonymous_1)
FNDA:3,(anonymous_2)
FNDA:3,(anonymous_3)
FNDA:2,(anonymous_4)
FNDA:0,(anonymous_5)
DA:1,2
DA:2,2
DA:4,2
DA:5,3
DA:6,3
DA:7,3
DA:8,2
DA:11,1
DA:15,2
DA:16,1
DA:17,1
DA:27,0
DA:28,0
DA:30,1
DA:34,2
DA:35,3
DA:36,3
DA:37,3
DA:39,2
DA:40,2
DA:43,0
DA:45,1
DA:49,2
DA:50,3
DA:51,3
DA:67,2
DA:68,2
DA:69,1
DA:70,2
DA:74,2
DA:76,1
DA:81,2
DA:82,0
DA:83,0
DA:84,0
DA:87,0
LF:36
LH:29
BRDA:39,0,0,2
BRDA:39,0,1,0
BRDA:68,1,0,1
BRDA:68,1,1,1
BRF:4
BRH:3
end_of_record
TN:
SF:modals\task.model.js
FNF:0
FNH:0
DA:1,2
DA:3,2
DA:11,2
DA:12,2
LF:4
LH:4
BRF:0
BRH:0
end_of_record
TN:
SF:modals\user.js
FNF:0
FNH:0
DA:1,2
DA:3,2
DA:13,2
DA:14,2
LF:4
LH:4
BRF:0
BRH:0
end_of_record
TN:
SF:routes\taskRoutes.js
FNF:0
FNH:0
DA:1,2
DA:2,2
DA:3,2
DA:5,2
DA:6,2
DA:7,2
DA:8,2
DA:9,2
DA:10,2
DA:11,2
DA:12,2
LF:11
LH:11
BRF:0
BRH:0
end_of_record
TN:
SF:routes\userRoutes.js
FNF:0
FNH:0
DA:1,2
DA:2,2
DA:3,2
DA:5,2
DA:6,2
DA:7,2
DA:8,2
DA:9,2
DA:12,2
LF:9
LH:9
BRF:0
BRH:0
end_of_record
